<?xml version="1.0" encoding="UTF-8"?>
<testng-results ignored="0" total="7" passed="7" failed="0" skipped="0">
  <reporter-output>
    <line>
      <![CDATA[Checkbox1Status: false]]>
    </line>
    <line>
      <![CDATA[Checkbox1Status: true]]>
    </line>
    <line>
      <![CDATA[Checkbox2Status: true]]>
    </line>
    <line>
      <![CDATA[Checkbox2Status: false]]>
    </line>
    <line>
      <![CDATA[Step1:clickOnDynamicLoadingLink]]>
    </line>
    <line>
      <![CDATA[Step2:clickOnExample1Link]]>
    </line>
    <line>
      <![CDATA[Step3:clickOnStartButton]]>
    </line>
  </reporter-output>
  <suite started-at="2020-04-17T01:10:41Z" name="Full Regression" finished-at="2020-04-17T01:12:13Z" duration-ms="91611">
    <groups>
    </groups>
    <test started-at="2020-04-17T01:10:41Z" name="AllTest" finished-at="2020-04-17T01:12:13Z" duration-ms="91611">
      <class name="addAndRemoveElements.RemoveElementTests">
        <test-method is-config="true" signature="setUp()[pri:0, instance:addAndRemoveElements.RemoveElementTests@7d900ecf]" started-at="2020-04-17T01:11:13Z" name="setUp" finished-at="2020-04-17T01:11:24Z" duration-ms="11314" status="PASS">
          <reporter-output>
          </reporter-output>
        </test-method> <!-- setUp -->
        <test-method is-config="true" signature="addElement()[pri:0, instance:addAndRemoveElements.RemoveElementTests@7d900ecf]" started-at="2020-04-17T01:11:24Z" name="addElement" finished-at="2020-04-17T01:11:26Z" duration-ms="1458" status="PASS">
          <reporter-output>
          </reporter-output>
        </test-method> <!-- addElement -->
        <test-method signature="testRemoveElement()[pri:0, instance:addAndRemoveElements.RemoveElementTests@7d900ecf]" started-at="2020-04-17T01:11:26Z" name="testRemoveElement" finished-at="2020-04-17T01:11:26Z" duration-ms="91" status="PASS">
          <reporter-output>
          </reporter-output>
        </test-method> <!-- testRemoveElement -->
        <test-method is-config="true" signature="tearDown(org.testng.ITestResult)[pri:0, instance:addAndRemoveElements.RemoveElementTests@7d900ecf]" started-at="2020-04-17T01:11:26Z" name="tearDown" finished-at="2020-04-17T01:11:27Z" duration-ms="684" status="PASS">
          <params>
            <param index="0">
              <value>
                <![CDATA[[TestResult name=testRemoveElement status=SUCCESS method=RemoveElementTests.testRemoveElement()[pri:0, instance:addAndRemoveElements.RemoveElementTests@7d900ecf] output={null}]]]>
              </value>
            </param>
          </params>
          <reporter-output>
          </reporter-output>
        </test-method> <!-- tearDown -->
      </class> <!-- addAndRemoveElements.RemoveElementTests -->
      <class name="checkboxes.CheckboxesTests">
        <test-method is-config="true" signature="setUp()[pri:0, instance:checkboxes.CheckboxesTests@6f01b95f]" started-at="2020-04-17T01:10:51Z" name="setUp" finished-at="2020-04-17T01:11:00Z" duration-ms="9610" status="PASS">
          <reporter-output>
          </reporter-output>
        </test-method> <!-- setUp -->
        <test-method signature="testCheckCheckbox1()[pri:0, instance:checkboxes.CheckboxesTests@6f01b95f]" started-at="2020-04-17T01:11:00Z" name="testCheckCheckbox1" finished-at="2020-04-17T01:11:01Z" duration-ms="706" status="PASS">
          <reporter-output>
            <line>
              <![CDATA[Checkbox1Status: false]]>
            </line>
            <line>
              <![CDATA[Checkbox1Status: true]]>
            </line>
          </reporter-output>
        </test-method> <!-- testCheckCheckbox1 -->
        <test-method is-config="true" signature="tearDown(org.testng.ITestResult)[pri:0, instance:checkboxes.CheckboxesTests@6f01b95f]" started-at="2020-04-17T01:11:01Z" name="tearDown" finished-at="2020-04-17T01:11:02Z" duration-ms="666" status="PASS">
          <params>
            <param index="0">
              <value>
                <![CDATA[[TestResult name=testCheckCheckbox1 status=SUCCESS method=CheckboxesTests.testCheckCheckbox1()[pri:0, instance:checkboxes.CheckboxesTests@6f01b95f] output=Checkbox1Status: false]]]>
              </value>
            </param>
          </params>
          <reporter-output>
          </reporter-output>
        </test-method> <!-- tearDown -->
        <test-method is-config="true" signature="setUp()[pri:0, instance:checkboxes.CheckboxesTests@6f01b95f]" started-at="2020-04-17T01:11:02Z" name="setUp" finished-at="2020-04-17T01:11:11Z" duration-ms="8733" status="PASS">
          <reporter-output>
          </reporter-output>
        </test-method> <!-- setUp -->
        <test-method signature="testUnCheckCheckbox2()[pri:0, instance:checkboxes.CheckboxesTests@6f01b95f]" started-at="2020-04-17T01:11:11Z" name="testUnCheckCheckbox2" finished-at="2020-04-17T01:11:11Z" duration-ms="712" status="PASS">
          <reporter-output>
            <line>
              <![CDATA[Checkbox2Status: true]]>
            </line>
            <line>
              <![CDATA[Checkbox2Status: false]]>
            </line>
          </reporter-output>
        </test-method> <!-- testUnCheckCheckbox2 -->
        <test-method is-config="true" signature="tearDown(org.testng.ITestResult)[pri:0, instance:checkboxes.CheckboxesTests@6f01b95f]" started-at="2020-04-17T01:11:11Z" name="tearDown" finished-at="2020-04-17T01:11:13Z" duration-ms="1703" status="PASS">
          <params>
            <param index="0">
              <value>
                <![CDATA[[TestResult name=testUnCheckCheckbox2 status=SUCCESS method=CheckboxesTests.testUnCheckCheckbox2()[pri:0, instance:checkboxes.CheckboxesTests@6f01b95f] output=Checkbox2Status: true]]]>
              </value>
            </param>
          </params>
          <reporter-output>
          </reporter-output>
        </test-method> <!-- tearDown -->
      </class> <!-- checkboxes.CheckboxesTests -->
      <class name="login.LoginTests">
        <test-method is-config="true" signature="setUp()[pri:0, instance:login.LoginTests@1a245833]" started-at="2020-04-17T01:12:03Z" name="setUp" finished-at="2020-04-17T01:12:10Z" duration-ms="7619" status="PASS">
          <reporter-output>
          </reporter-output>
        </test-method> <!-- setUp -->
        <test-method signature="testSuccessfullLogin()[pri:0, instance:login.LoginTests@1a245833]" started-at="2020-04-17T01:12:10Z" name="testSuccessfullLogin" finished-at="2020-04-17T01:12:12Z" duration-ms="1732" status="PASS">
          <reporter-output>
          </reporter-output>
        </test-method> <!-- testSuccessfullLogin -->
        <test-method is-config="true" signature="tearDown(org.testng.ITestResult)[pri:0, instance:login.LoginTests@1a245833]" started-at="2020-04-17T01:12:12Z" name="tearDown" finished-at="2020-04-17T01:12:13Z" duration-ms="696" status="PASS">
          <params>
            <param index="0">
              <value>
                <![CDATA[[TestResult name=testSuccessfullLogin status=SUCCESS method=LoginTests.testSuccessfullLogin()[pri:0, instance:login.LoginTests@1a245833] output={null}]]]>
              </value>
            </param>
          </params>
          <reporter-output>
          </reporter-output>
        </test-method> <!-- tearDown -->
      </class> <!-- login.LoginTests -->
      <class name="dynamicLoading.DynamicLoadingTests">
        <test-method is-config="true" signature="setUp()[pri:0, instance:dynamicLoading.DynamicLoadingTests@4007f65e]" started-at="2020-04-17T01:11:27Z" name="setUp" finished-at="2020-04-17T01:11:37Z" duration-ms="10356" status="PASS">
          <reporter-output>
          </reporter-output>
        </test-method> <!-- setUp -->
        <test-method signature="testExample1Load()[pri:0, instance:dynamicLoading.DynamicLoadingTests@4007f65e]" started-at="2020-04-17T01:11:37Z" name="testExample1Load" finished-at="2020-04-17T01:11:43Z" duration-ms="6400" status="PASS">
          <reporter-output>
            <line>
              <![CDATA[Step1:clickOnDynamicLoadingLink]]>
            </line>
            <line>
              <![CDATA[Step2:clickOnExample1Link]]>
            </line>
            <line>
              <![CDATA[Step3:clickOnStartButton]]>
            </line>
          </reporter-output>
        </test-method> <!-- testExample1Load -->
        <test-method is-config="true" signature="tearDown(org.testng.ITestResult)[pri:0, instance:dynamicLoading.DynamicLoadingTests@4007f65e]" started-at="2020-04-17T01:11:43Z" name="tearDown" finished-at="2020-04-17T01:11:44Z" duration-ms="668" status="PASS">
          <params>
            <param index="0">
              <value>
                <![CDATA[[TestResult name=testExample1Load status=SUCCESS method=DynamicLoadingTests.testExample1Load()[pri:0, instance:dynamicLoading.DynamicLoadingTests@4007f65e] output=Step1:clickOnDynamicLoadingLink]]]>
              </value>
            </param>
          </params>
          <reporter-output>
          </reporter-output>
        </test-method> <!-- tearDown -->
        <test-method is-config="true" signature="setUp()[pri:0, instance:dynamicLoading.DynamicLoadingTests@4007f65e]" started-at="2020-04-17T01:11:44Z" name="setUp" finished-at="2020-04-17T01:11:54Z" duration-ms="10232" status="PASS">
          <reporter-output>
          </reporter-output>
        </test-method> <!-- setUp -->
        <test-method signature="testExample2Load()[pri:0, instance:dynamicLoading.DynamicLoadingTests@4007f65e]" started-at="2020-04-17T01:11:54Z" name="testExample2Load" finished-at="2020-04-17T01:12:02Z" duration-ms="7794" status="PASS">
          <reporter-output>
          </reporter-output>
        </test-method> <!-- testExample2Load -->
        <test-method is-config="true" signature="tearDown(org.testng.ITestResult)[pri:0, instance:dynamicLoading.DynamicLoadingTests@4007f65e]" started-at="2020-04-17T01:12:02Z" name="tearDown" finished-at="2020-04-17T01:12:03Z" duration-ms="672" status="PASS">
          <params>
            <param index="0">
              <value>
                <![CDATA[[TestResult name=testExample2Load status=SUCCESS method=DynamicLoadingTests.testExample2Load()[pri:0, instance:dynamicLoading.DynamicLoadingTests@4007f65e] output={null}]]]>
              </value>
            </param>
          </params>
          <reporter-output>
          </reporter-output>
        </test-method> <!-- tearDown -->
      </class> <!-- dynamicLoading.DynamicLoadingTests -->
      <class name="addAndRemoveElements.AddElementsTests">
        <test-method is-config="true" signature="setUp()[pri:0, instance:addAndRemoveElements.AddElementsTests@5c80cf32]" started-at="2020-04-17T01:10:41Z" name="setUp" finished-at="2020-04-17T01:10:50Z" duration-ms="8424" status="PASS">
          <reporter-output>
          </reporter-output>
        </test-method> <!-- setUp -->
        <test-method signature="testAddElement()[pri:0, instance:addAndRemoveElements.AddElementsTests@5c80cf32]" started-at="2020-04-17T01:10:50Z" name="testAddElement" finished-at="2020-04-17T01:10:50Z" duration-ms="624" status="PASS">
          <reporter-output>
          </reporter-output>
        </test-method> <!-- testAddElement -->
        <test-method is-config="true" signature="tearDown(org.testng.ITestResult)[pri:0, instance:addAndRemoveElements.AddElementsTests@5c80cf32]" started-at="2020-04-17T01:10:50Z" name="tearDown" finished-at="2020-04-17T01:10:51Z" duration-ms="672" status="PASS">
          <params>
            <param index="0">
              <value>
                <![CDATA[[TestResult name=testAddElement status=SUCCESS method=AddElementsTests.testAddElement()[pri:0, instance:addAndRemoveElements.AddElementsTests@5c80cf32] output={null}]]]>
              </value>
            </param>
          </params>
          <reporter-output>
          </reporter-output>
        </test-method> <!-- tearDown -->
      </class> <!-- addAndRemoveElements.AddElementsTests -->
    </test> <!-- AllTest -->
  </suite> <!-- Full Regression -->
</testng-results>
