<?xml version="1.0" encoding="UTF-8"?>
<testng-results ignored="0" total="2" passed="2" failed="0" skipped="0">
  <reporter-output>
    <line>
      <![CDATA[Step1:clickOnDynamicLoadingLink]]>
    </line>
    <line>
      <![CDATA[Step2:clickOnExample1Link]]>
    </line>
    <line>
      <![CDATA[Step3:clickOnStartButton]]>
    </line>
  </reporter-output>
  <suite started-at="2020-04-15T20:03:08Z" name="Default Suite" finished-at="2020-04-15T20:03:49Z" duration-ms="40867">
    <groups>
    </groups>
    <test started-at="2020-04-15T20:03:08Z" name="Class7" finished-at="2020-04-15T20:03:49Z" duration-ms="40867">
      <class name="dynamicLoading.DynamicLoadingTests">
        <test-method is-config="true" signature="setUp()[pri:0, instance:dynamicLoading.DynamicLoadingTests@619713e5]" started-at="2020-04-15T20:03:08Z" name="setUp" finished-at="2020-04-15T20:03:23Z" duration-ms="14395" status="PASS">
          <reporter-output>
          </reporter-output>
        </test-method> <!-- setUp -->
        <test-method signature="testExample1Load()[pri:0, instance:dynamicLoading.DynamicLoadingTests@619713e5]" started-at="2020-04-15T20:03:23Z" name="testExample1Load" finished-at="2020-04-15T20:03:31Z" duration-ms="8317" status="PASS">
          <reporter-output>
            <line>
              <![CDATA[Step1:clickOnDynamicLoadingLink]]>
            </line>
            <line>
              <![CDATA[Step2:clickOnExample1Link]]>
            </line>
            <line>
              <![CDATA[Step3:clickOnStartButton]]>
            </line>
          </reporter-output>
        </test-method> <!-- testExample1Load -->
        <test-method is-config="true" signature="tearDown(org.testng.ITestResult)[pri:0, instance:dynamicLoading.DynamicLoadingTests@619713e5]" started-at="2020-04-15T20:03:31Z" name="tearDown" finished-at="2020-04-15T20:03:32Z" duration-ms="1146" status="PASS">
          <params>
            <param index="0">
              <value>
                <![CDATA[[TestResult name=testExample1Load status=SUCCESS method=DynamicLoadingTests.testExample1Load()[pri:0, instance:dynamicLoading.DynamicLoadingTests@619713e5] output=Step1:clickOnDynamicLoadingLink]]]>
              </value>
            </param>
          </params>
          <reporter-output>
          </reporter-output>
        </test-method> <!-- tearDown -->
        <test-method is-config="true" signature="setUp()[pri:0, instance:dynamicLoading.DynamicLoadingTests@619713e5]" started-at="2020-04-15T20:03:32Z" name="setUp" finished-at="2020-04-15T20:03:42Z" duration-ms="9622" status="PASS">
          <reporter-output>
          </reporter-output>
        </test-method> <!-- setUp -->
        <test-method signature="testExample2Load()[pri:0, instance:dynamicLoading.DynamicLoadingTests@619713e5]" started-at="2020-04-15T20:03:42Z" name="testExample2Load" finished-at="2020-04-15T20:03:48Z" duration-ms="6629" status="PASS">
          <reporter-output>
          </reporter-output>
        </test-method> <!-- testExample2Load -->
        <test-method is-config="true" signature="tearDown(org.testng.ITestResult)[pri:0, instance:dynamicLoading.DynamicLoadingTests@619713e5]" started-at="2020-04-15T20:03:48Z" name="tearDown" finished-at="2020-04-15T20:03:49Z" duration-ms="722" status="PASS">
          <params>
            <param index="0">
              <value>
                <![CDATA[[TestResult name=testExample2Load status=SUCCESS method=DynamicLoadingTests.testExample2Load()[pri:0, instance:dynamicLoading.DynamicLoadingTests@619713e5] output={null}]]]>
              </value>
            </param>
          </params>
          <reporter-output>
          </reporter-output>
        </test-method> <!-- tearDown -->
      </class> <!-- dynamicLoading.DynamicLoadingTests -->
    </test> <!-- Class7 -->
  </suite> <!-- Default Suite -->
</testng-results>
