<?xml version="1.0" encoding="UTF-8"?>
<!-- Generated by org.testng.reporters.JUnitXMLReporter -->
<testsuite ignored="0" hostname="LAPTOP-6QE1MNG2" failures="0" tests="3" name="LoginAndElements Test" time="30.838" errors="0" timestamp="16 Apr 2020 20:44:41 GMT">
  <testcase classname="addAndRemoveElements.AddElementsTests" name="testAddElement" time="0.516"/>
  <testcase classname="login.LoginTests" name="testSuccessfullLogin" time="1.494"/>
  <testcase classname="addAndRemoveElements.RemoveElementTests" name="testRemoveElement" time="0.116"/>
</testsuite> <!-- LoginAndElements Test -->
