<?xml version="1.0" encoding="UTF-8"?>
<!-- Generated by org.testng.reporters.JUnitXMLReporter -->
<testsuite ignored="0" hostname="LAPTOP-6QE1MNG2" failures="0" tests="7" name="AllTest" time="91.611" errors="0" timestamp="17 Apr 2020 01:12:13 GMT">
  <testcase classname="addAndRemoveElements.AddElementsTests" name="testAddElement" time="0.624"/>
  <testcase classname="checkboxes.CheckboxesTests" name="testCheckCheckbox1" time="0.706"/>
  <testcase classname="checkboxes.CheckboxesTests" name="testUnCheckCheckbox2" time="0.712"/>
  <testcase classname="addAndRemoveElements.RemoveElementTests" name="testRemoveElement" time="0.091"/>
  <testcase classname="dynamicLoading.DynamicLoadingTests" name="testExample1Load" time="6.4"/>
  <testcase classname="dynamicLoading.DynamicLoadingTests" name="testExample2Load" time="7.794"/>
  <testcase classname="login.LoginTests" name="testSuccessfullLogin" time="1.732"/>
</testsuite> <!-- AllTest -->
